
> vibelux-app@0.1.0 build
> next build

   ▲ Next.js 15.3.3
   - Environments: .env.local, .env

   Creating an optimized production build ...
Failed to compile.

./src/app/facility/investment/performance/page.tsx
Module not found: Can't resolve '@/components/ui/calendar'

https://nextjs.org/docs/messages/module-not-found

./src/app/facility/investment/performance/page.tsx
Module not found: Can't resolve '@/components/ui/popover'

https://nextjs.org/docs/messages/module-not-found

./src/app/investment/confirmation/[id]/page.tsx
Module not found: Can't resolve 'canvas-confetti'

https://nextjs.org/docs/messages/module-not-found

./src/components/AIReportBuilder.tsx
Module not found: Can't resolve 'sonner'

https://nextjs.org/docs/messages/module-not-found

Import trace for requested module:
./src/app/reports/enhanced/page.tsx

./src/components/AutodeskViewer.tsx
Module not found: Can't resolve '@/components/ui/dropdown-menu'

https://nextjs.org/docs/messages/module-not-found

Import trace for requested module:
./src/app/facility-design/3d-viewer/page.tsx


> Build failed because of webpack errors
